# JRE version: OpenJDK Runtime Environment (8.0_202-b03) (build 1.8.0_202-release-1483-b03)
# Java VM: OpenJDK 64-Bit Server VM (25.202-b03 mixed mode windows-amd64 compressed oops)
Heap:
 PSYoungGen      total 406528K, used 174267K [0x00000000e0000000, 0x00000000ff700000, 0x0000000100000000)
  eden space 303104K, 55% used [0x00000000e0000000,0x00000000ea432cd0,0x00000000f2800000)
  from space 103424K, 5% used [0x00000000f2800000,0x00000000f2dfc010,0x00000000f8d00000)
  to   space 100352K, 0% used [0x00000000f9500000,0x00000000f9500000,0x00000000ff700000)
 ParOldGen       total 293888K, used 171354K [0x00000000a0000000, 0x00000000b1f00000, 0x00000000e0000000)
  object space 293888K, 58% used [0x00000000a0000000,0x00000000aa756bc0,0x00000000b1f00000)
 Metaspace       used 95963K, capacity 102348K, committed 102744K, reserved 1138688K
  class space    used 12061K, capacity 13158K, committed 13400K, reserved 1048576K
GC Heap History (10 events):
Event: 14063.363 GC heap before
{Heap before GC invocations=85 (full 6):
 PSYoungGen      total 414720K, used 316560K [0x00000000e0000000, 0x00000000ffc80000, 0x0000000100000000)
  eden space 309760K, 100% used [0x00000000e0000000,0x00000000f2e80000,0x00000000f2e80000)
  from space 104960K, 6% used [0x00000000f9600000,0x00000000f9ca4030,0x00000000ffc80000)
  to   space 105472K, 0% used [0x00000000f2e80000,0x00000000f2e80000,0x00000000f9580000)
 ParOldGen       total 293888K, used 155695K [0x00000000a0000000, 0x00000000b1f00000, 0x00000000e0000000)
  object space 293888K, 52% used [0x00000000a0000000,0x00000000a980bc30,0x00000000b1f00000)
 Metaspace       used 95794K, capacity 102218K, committed 102744K, reserved 1138688K
  class space    used 12054K, capacity 13147K, committed 13400K, reserved 1048576K
Event: 14064.301 GC heap after
Heap after GC invocations=85 (full 6):
 PSYoungGen      total 384000K, used 74164K [0x00000000e0000000, 0x0000000100000000, 0x0000000100000000)
  eden space 309760K, 0% used [0x00000000e0000000,0x00000000e0000000,0x00000000f2e80000)
  from space 74240K, 99% used [0x00000000f2e80000,0x00000000f76ed1e0,0x00000000f7700000)
  to   space 114176K, 0% used [0x00000000f9080000,0x00000000f9080000,0x0000000100000000)
 ParOldGen       total 293888K, used 161469K [0x00000000a0000000, 0x00000000b1f00000, 0x00000000e0000000)
  object space 293888K, 54% used [0x00000000a0000000,0x00000000a9daf550,0x00000000b1f00000)
 Metaspace       used 95794K, capacity 102218K, committed 102744K, reserved 1138688K
  class space    used 12054K, capacity 13147K, committed 13400K, reserved 1048576K
}
Event: 14143.754 GC heap before
{Heap before GC invocations=86 (full 6):
 PSYoungGen      total 384000K, used 383924K [0x00000000e0000000, 0x0000000100000000, 0x0000000100000000)
  eden space 309760K, 100% used [0x00000000e0000000,0x00000000f2e80000,0x00000000f2e80000)
  from space 74240K, 99% used [0x00000000f2e80000,0x00000000f76ed1e0,0x00000000f7700000)
  to   space 114176K, 0% used [0x00000000f9080000,0x00000000f9080000,0x0000000100000000)
 ParOldGen       total 293888K, used 161469K [0x00000000a0000000, 0x00000000b1f00000, 0x00000000e0000000)
  object space 293888K, 54% used [0x00000000a0000000,0x00000000a9daf550,0x00000000b1f00000)
 Metaspace       used 95852K, capacity 102282K, committed 102744K, reserved 1138688K
  class space    used 12055K, capacity 13147K, committed 13400K, reserved 1048576K
Event: 14144.201 GC heap after
Heap after GC invocations=86 (full 6):
 PSYoungGen      total 414208K, used 12625K [0x00000000e0000000, 0x0000000100000000, 0x0000000100000000)
  eden space 300032K, 0% used [0x00000000e0000000,0x00000000e0000000,0x00000000f2500000)
  from space 114176K, 11% used [0x00000000f9080000,0x00000000f9cd44e0,0x0000000100000000)
  to   space 110080K, 0% used [0x00000000f2500000,0x00000000f2500000,0x00000000f9080000)
 ParOldGen       total 293888K, used 162216K [0x00000000a0000000, 0x00000000b1f00000, 0x00000000e0000000)
  object space 293888K, 55% used [0x00000000a0000000,0x00000000a9e6a108,0x00000000b1f00000)
 Metaspace       used 95852K, capacity 102282K, committed 102744K, reserved 1138688K
  class space    used 12055K, capacity 13147K, committed 13400K, reserved 1048576K
}
Event: 14147.827 GC heap before
{Heap before GC invocations=87 (full 6):
 PSYoungGen      total 414208K, used 311622K [0x00000000e0000000, 0x0000000100000000, 0x0000000100000000)
  eden space 300032K, 99% used [0x00000000e0000000,0x00000000f23fd558,0x00000000f2500000)
  from space 114176K, 11% used [0x00000000f9080000,0x00000000f9cd44e0,0x0000000100000000)
  to   space 110080K, 0% used [0x00000000f2500000,0x00000000f2500000,0x00000000f9080000)
 ParOldGen       total 293888K, used 162216K [0x00000000a0000000, 0x00000000b1f00000, 0x00000000e0000000)
  object space 293888K, 55% used [0x00000000a0000000,0x00000000a9e6a108,0x00000000b1f00000)
 Metaspace       used 95854K, capacity 102282K, committed 102744K, reserved 1138688K
  class space    used 12055K, capacity 13147K, committed 13400K, reserved 1048576K
Event: 14147.917 GC heap after
Heap after GC invocations=87 (full 6):
 PSYoungGen      total 309248K, used 9088K [0x00000000e0000000, 0x00000000ff500000, 0x0000000100000000)
  eden space 300032K, 0% used [0x00000000e0000000,0x00000000e0000000,0x00000000f2500000)
  from space 9216K, 98% used [0x00000000f2500000,0x00000000f2de00a0,0x00000000f2e00000)
  to   space 106496K, 0% used [0x00000000f8d00000,0x00000000f8d00000,0x00000000ff500000)
 ParOldGen       total 293888K, used 170080K [0x00000000a0000000, 0x00000000b1f00000, 0x00000000e0000000)
  object space 293888K, 57% used [0x00000000a0000000,0x00000000aa6180f8,0x00000000b1f00000)
 Metaspace       used 95854K, capacity 102282K, committed 102744K, reserved 1138688K
  class space    used 12055K, capacity 13147K, committed 13400K, reserved 1048576K
}
Event: 14158.563 GC heap before
{Heap before GC invocations=88 (full 6):
 PSYoungGen      total 309248K, used 309120K [0x00000000e0000000, 0x00000000ff500000, 0x0000000100000000)
  eden space 300032K, 100% used [0x00000000e0000000,0x00000000f2500000,0x00000000f2500000)
  from space 9216K, 98% used [0x00000000f2500000,0x00000000f2de00a0,0x00000000f2e00000)
  to   space 106496K, 0% used [0x00000000f8d00000,0x00000000f8d00000,0x00000000ff500000)
 ParOldGen       total 293888K, used 170080K [0x00000000a0000000, 0x00000000b1f00000, 0x00000000e0000000)
  object space 293888K, 57% used [0x00000000a0000000,0x00000000aa6180f8,0x00000000b1f00000)
 Metaspace       used 95877K, capacity 102282K, committed 102744K, reserved 1138688K
  class space    used 12055K, capacity 13147K, committed 13400K, reserved 1048576K
Event: 14159.015 GC heap after
Heap after GC invocations=88 (full 6):
 PSYoungGen      total 409600K, used 42404K [0x00000000e0000000, 0x0000000100000000, 0x0000000100000000)
  eden space 303104K, 0% used [0x00000000e0000000,0x00000000e0000000,0x00000000f2800000)
  from space 106496K, 39% used [0x00000000f8d00000,0x00000000fb6690f8,0x00000000ff500000)
  to   space 103424K, 0% used [0x00000000f2800000,0x00000000f2800000,0x00000000f8d00000)
 ParOldGen       total 293888K, used 170224K [0x00000000a0000000, 0x00000000b1f00000, 0x00000000e0000000)
  object space 293888K, 57% used [0x00000000a0000000,0x00000000aa63c108,0x00000000b1f00000)
 Metaspace       used 95877K, capacity 102282K, committed 102744K, reserved 1138688K
  class space    used 12055K, capacity 13147K, committed 13400K, reserved 1048576K
}
Event: 14775.909 GC heap before
{Heap before GC invocations=89 (full 6):
 PSYoungGen      total 409600K, used 345508K [0x00000000e0000000, 0x0000000100000000, 0x0000000100000000)
  eden space 303104K, 100% used [0x00000000e0000000,0x00000000f2800000,0x00000000f2800000)
  from space 106496K, 39% used [0x00000000f8d00000,0x00000000fb6690f8,0x00000000ff500000)
  to   space 103424K, 0% used [0x00000000f2800000,0x00000000f2800000,0x00000000f8d00000)
 ParOldGen       total 293888K, used 170224K [0x00000000a0000000, 0x00000000b1f00000, 0x00000000e0000000)
  object space 293888K, 57% used [0x00000000a0000000,0x00000000aa63c108,0x00000000b1f00000)
 Metaspace       used 95909K, capacity 102282K, committed 102744K, reserved 1138688K
  class space    used 12055K, capacity 13147K, committed 13400K, reserved 1048576K
Event: 14776.465 GC heap after
Heap after GC invocations=89 (full 6):
 PSYoungGen      total 406528K, used 6128K [0x00000000e0000000, 0x00000000ff700000, 0x0000000100000000)
  eden space 303104K, 0% used [0x00000000e0000000,0x00000000e0000000,0x00000000f2800000)
  from space 103424K, 5% used [0x00000000f2800000,0x00000000f2dfc010,0x00000000f8d00000)
  to   space 100352K, 0% used [0x00000000f9500000,0x00000000f9500000,0x00000000ff700000)
 ParOldGen       total 293888K, used 171354K [0x00000000a0000000, 0x00000000b1f00000, 0x00000000e0000000)
  object space 293888K, 58% used [0x00000000a0000000,0x00000000aa756bc0,0x00000000b1f00000)
 Metaspace       used 95909K, capacity 102282K, committed 102744K, reserved 1138688K
  class space    used 12055K, capacity 13147K, committed 13400K, reserved 1048576K
}

